{"/Users/emiliebialais/Desktop/tunzTest/wl-test-todo/src/App.js": {"path":"/Users/emiliebialais/Desktop/tunzTest/wl-test-todo/src/App.js","statementMap":{"0":{"start":{"line":7,"column":12},"end":{"line":7,"column":36}},"1":{"start":{"line":9,"column":12},"end":{"line":45,"column":1}},"2":{"start":{"line":10,"column":28},"end":{"line":10,"column":40}},"3":{"start":{"line":12,"column":17},"end":{"line":14,"column":3}},"4":{"start":{"line":13,"column":4},"end":{"line":13,"column":29}},"5":{"start":{"line":16,"column":18},"end":{"line":18,"column":3}},"6":{"start":{"line":17,"column":4},"end":{"line":17,"column":32}},"7":{"start":{"line":20,"column":26},"end":{"line":22,"column":3}},"8":{"start":{"line":21,"column":4},"end":{"line":21,"column":36}},"9":{"start":{"line":24,"column":21},"end":{"line":26,"column":3}},"10":{"start":{"line":25,"column":4},"end":{"line":25,"column":30}},"11":{"start":{"line":28,"column":2},"end":{"line":30,"column":9}},"12":{"start":{"line":29,"column":4},"end":{"line":29,"column":13}},"13":{"start":{"line":32,"column":2},"end":{"line":44,"column":4}}},"fnMap":{"0":{"name":"(anonymous_0)","decl":{"start":{"line":9,"column":12},"end":{"line":9,"column":13}},"loc":{"start":{"line":9,"column":18},"end":{"line":45,"column":1}},"line":9},"1":{"name":"(anonymous_1)","decl":{"start":{"line":12,"column":17},"end":{"line":12,"column":18}},"loc":{"start":{"line":12,"column":23},"end":{"line":14,"column":3}},"line":12},"2":{"name":"(anonymous_2)","decl":{"start":{"line":16,"column":18},"end":{"line":16,"column":19}},"loc":{"start":{"line":16,"column":30},"end":{"line":18,"column":3}},"line":16},"3":{"name":"(anonymous_3)","decl":{"start":{"line":20,"column":26},"end":{"line":20,"column":27}},"loc":{"start":{"line":20,"column":34},"end":{"line":22,"column":3}},"line":20},"4":{"name":"(anonymous_4)","decl":{"start":{"line":24,"column":21},"end":{"line":24,"column":22}},"loc":{"start":{"line":24,"column":29},"end":{"line":26,"column":3}},"line":24},"5":{"name":"(anonymous_5)","decl":{"start":{"line":28,"column":12},"end":{"line":28,"column":13}},"loc":{"start":{"line":28,"column":18},"end":{"line":30,"column":3}},"line":28}},"branchMap":{},"s":{"0":1,"1":1,"2":9,"3":9,"4":6,"5":9,"6":1,"7":9,"8":2,"9":9,"10":1,"11":9,"12":2,"13":9},"f":{"0":9,"1":6,"2":1,"3":2,"4":1,"5":2},"b":{},"_coverageSchema":"1a1c01bbd47fc00a2c39e90264f33305004495a9","hash":"0e3c287f0010b9f8b227d13112cf7f7dd897651a"}
,"/Users/emiliebialais/Desktop/tunzTest/wl-test-todo/src/index.js": {"path":"/Users/emiliebialais/Desktop/tunzTest/wl-test-todo/src/index.js","statementMap":{"0":{"start":{"line":6,"column":13},"end":{"line":6,"column":65}},"1":{"start":{"line":7,"column":0},"end":{"line":11,"column":2}}},"fnMap":{},"branchMap":{},"s":{"0":0,"1":0},"f":{},"b":{}}
,"/Users/emiliebialais/Desktop/tunzTest/wl-test-todo/src/Components/Todo.js": {"path":"/Users/emiliebialais/Desktop/tunzTest/wl-test-todo/src/Components/Todo.js","statementMap":{"0":{"start":{"line":4,"column":13},"end":{"line":28,"column":1}},"1":{"start":{"line":5,"column":15},"end":{"line":5,"column":25}},"2":{"start":{"line":7,"column":2},"end":{"line":27,"column":3}},"3":{"start":{"line":14,"column":23},"end":{"line":14,"column":53}},"4":{"start":{"line":21,"column":23},"end":{"line":21,"column":48}}},"fnMap":{"0":{"name":"(anonymous_0)","decl":{"start":{"line":4,"column":13},"end":{"line":4,"column":14}},"loc":{"start":{"line":4,"column":24},"end":{"line":28,"column":1}},"line":4},"1":{"name":"(anonymous_1)","decl":{"start":{"line":14,"column":19},"end":{"line":14,"column":20}},"loc":{"start":{"line":14,"column":23},"end":{"line":14,"column":53}},"line":14},"2":{"name":"(anonymous_2)","decl":{"start":{"line":21,"column":19},"end":{"line":21,"column":20}},"loc":{"start":{"line":21,"column":23},"end":{"line":21,"column":48}},"line":21}},"branchMap":{"0":{"loc":{"start":{"line":8,"column":20},"end":{"line":8,"column":90}},"type":"cond-expr","locations":[{"start":{"line":8,"column":37},"end":{"line":8,"column":61}},{"start":{"line":8,"column":64},"end":{"line":8,"column":90}}],"line":8},"1":{"loc":{"start":{"line":9,"column":21},"end":{"line":9,"column":67}},"type":"cond-expr","locations":[{"start":{"line":9,"column":38},"end":{"line":9,"column":56}},{"start":{"line":9,"column":59},"end":{"line":9,"column":67}}],"line":9}},"s":{"0":3,"1":12,"2":12,"3":3,"4":2},"f":{"0":12,"1":3,"2":2},"b":{"0":[3,9],"1":[3,9]},"_coverageSchema":"1a1c01bbd47fc00a2c39e90264f33305004495a9","hash":"35cf79d92189536d9d3e9d5ed78d80eb353f5f75"}
,"/Users/emiliebialais/Desktop/tunzTest/wl-test-todo/src/Components/TodoForm.js": {"path":"/Users/emiliebialais/Desktop/tunzTest/wl-test-todo/src/Components/TodoForm.js","statementMap":{"0":{"start":{"line":4,"column":17},"end":{"line":32,"column":1}},"1":{"start":{"line":5,"column":30},"end":{"line":5,"column":42}},"2":{"start":{"line":7,"column":25},"end":{"line":11,"column":5}},"3":{"start":{"line":8,"column":8},"end":{"line":8,"column":27}},"4":{"start":{"line":9,"column":8},"end":{"line":9,"column":28}},"5":{"start":{"line":10,"column":8},"end":{"line":10,"column":21}},"6":{"start":{"line":13,"column":25},"end":{"line":15,"column":5}},"7":{"start":{"line":14,"column":8},"end":{"line":14,"column":32}},"8":{"start":{"line":17,"column":4},"end":{"line":31,"column":5}}},"fnMap":{"0":{"name":"(anonymous_0)","decl":{"start":{"line":4,"column":17},"end":{"line":4,"column":18}},"loc":{"start":{"line":4,"column":28},"end":{"line":32,"column":1}},"line":4},"1":{"name":"(anonymous_1)","decl":{"start":{"line":7,"column":25},"end":{"line":7,"column":26}},"loc":{"start":{"line":7,"column":32},"end":{"line":11,"column":5}},"line":7},"2":{"name":"(anonymous_2)","decl":{"start":{"line":13,"column":25},"end":{"line":13,"column":26}},"loc":{"start":{"line":13,"column":32},"end":{"line":15,"column":5}},"line":13}},"branchMap":{},"s":{"0":2,"1":31,"2":31,"3":2,"4":2,"5":2,"6":31,"7":20,"8":31},"f":{"0":31,"1":2,"2":20},"b":{},"_coverageSchema":"1a1c01bbd47fc00a2c39e90264f33305004495a9","hash":"924e816e8f34ed33a0545f1c2b9fdac2ad23190e"}
,"/Users/emiliebialais/Desktop/tunzTest/wl-test-todo/src/Components/TodoList.js": {"path":"/Users/emiliebialais/Desktop/tunzTest/wl-test-todo/src/Components/TodoList.js","statementMap":{"0":{"start":{"line":6,"column":17},"end":{"line":25,"column":1}},"1":{"start":{"line":8,"column":18},"end":{"line":8,"column":29}},"2":{"start":{"line":10,"column":4},"end":{"line":24,"column":5}},"3":{"start":{"line":13,"column":16},"end":{"line":21,"column":17}}},"fnMap":{"0":{"name":"(anonymous_0)","decl":{"start":{"line":6,"column":17},"end":{"line":6,"column":18}},"loc":{"start":{"line":6,"column":28},"end":{"line":25,"column":1}},"line":6},"1":{"name":"(anonymous_1)","decl":{"start":{"line":12,"column":23},"end":{"line":12,"column":24}},"loc":{"start":{"line":12,"column":33},"end":{"line":22,"column":13}},"line":12}},"branchMap":{},"s":{"0":2,"1":10,"2":10,"3":15},"f":{"0":10,"1":15},"b":{},"_coverageSchema":"1a1c01bbd47fc00a2c39e90264f33305004495a9","hash":"3b27ab80c81489323a73f703f1686cf803c2b5ca"}
,"/Users/emiliebialais/Desktop/tunzTest/wl-test-todo/src/Utils/Data.js": {"path":"/Users/emiliebialais/Desktop/tunzTest/wl-test-todo/src/Utils/Data.js","statementMap":{"0":{"start":{"line":2,"column":20},"end":{"line":2,"column":21}},"1":{"start":{"line":5,"column":8},"end":{"line":5,"column":32}},"2":{"start":{"line":6,"column":8},"end":{"line":6,"column":29}},"3":{"start":{"line":7,"column":8},"end":{"line":7,"column":31}},"4":{"start":{"line":12,"column":12},"end":{"line":12,"column":21}},"5":{"start":{"line":15,"column":8},"end":{"line":15,"column":49}},"6":{"start":{"line":18,"column":17},"end":{"line":20,"column":5}},"7":{"start":{"line":19,"column":8},"end":{"line":19,"column":62}},"8":{"start":{"line":22,"column":14},"end":{"line":29,"column":5}},"9":{"start":{"line":23,"column":19},"end":{"line":23,"column":35}},"10":{"start":{"line":24,"column":8},"end":{"line":27,"column":10}},"11":{"start":{"line":28,"column":8},"end":{"line":28,"column":27}},"12":{"start":{"line":31,"column":22},"end":{"line":37,"column":5}},"13":{"start":{"line":32,"column":27},"end":{"line":32,"column":45}},"14":{"start":{"line":33,"column":8},"end":{"line":35,"column":44}},"15":{"start":{"line":36,"column":8},"end":{"line":36,"column":27}},"16":{"start":{"line":39,"column":17},"end":{"line":42,"column":5}},"17":{"start":{"line":40,"column":8},"end":{"line":40,"column":30}},"18":{"start":{"line":41,"column":8},"end":{"line":41,"column":27}}},"fnMap":{"0":{"name":"(anonymous_0)","decl":{"start":{"line":4,"column":4},"end":{"line":4,"column":5}},"loc":{"start":{"line":4,"column":23},"end":{"line":8,"column":5}},"line":4},"1":{"name":"(anonymous_1)","decl":{"start":{"line":14,"column":4},"end":{"line":14,"column":5}},"loc":{"start":{"line":14,"column":17},"end":{"line":16,"column":5}},"line":14},"2":{"name":"(anonymous_2)","decl":{"start":{"line":18,"column":17},"end":{"line":18,"column":18}},"loc":{"start":{"line":18,"column":31},"end":{"line":20,"column":5}},"line":18},"3":{"name":"(anonymous_3)","decl":{"start":{"line":22,"column":14},"end":{"line":22,"column":15}},"loc":{"start":{"line":22,"column":34},"end":{"line":29,"column":5}},"line":22},"4":{"name":"(anonymous_4)","decl":{"start":{"line":31,"column":22},"end":{"line":31,"column":23}},"loc":{"start":{"line":31,"column":38},"end":{"line":37,"column":5}},"line":31},"5":{"name":"(anonymous_5)","decl":{"start":{"line":39,"column":17},"end":{"line":39,"column":18}},"loc":{"start":{"line":39,"column":33},"end":{"line":42,"column":5}},"line":39}},"branchMap":{"0":{"loc":{"start":{"line":19,"column":8},"end":{"line":19,"column":61}},"type":"binary-expr","locations":[{"start":{"line":19,"column":8},"end":{"line":19,"column":16}},{"start":{"line":19,"column":20},"end":{"line":19,"column":61}}],"line":19},"1":{"loc":{"start":{"line":28,"column":8},"end":{"line":28,"column":26}},"type":"binary-expr","locations":[{"start":{"line":28,"column":8},"end":{"line":28,"column":14}},{"start":{"line":28,"column":18},"end":{"line":28,"column":26}}],"line":28},"2":{"loc":{"start":{"line":33,"column":8},"end":{"line":35,"column":43}},"type":"cond-expr","locations":[{"start":{"line":34,"column":14},"end":{"line":34,"column":44}},{"start":{"line":35,"column":14},"end":{"line":35,"column":43}}],"line":33},"3":{"loc":{"start":{"line":36,"column":8},"end":{"line":36,"column":26}},"type":"binary-expr","locations":[{"start":{"line":36,"column":8},"end":{"line":36,"column":14}},{"start":{"line":36,"column":18},"end":{"line":36,"column":26}}],"line":36},"4":{"loc":{"start":{"line":41,"column":8},"end":{"line":41,"column":26}},"type":"binary-expr","locations":[{"start":{"line":41,"column":8},"end":{"line":41,"column":14}},{"start":{"line":41,"column":18},"end":{"line":41,"column":26}}],"line":41}},"s":{"0":1,"1":2,"2":2,"3":2,"4":1,"5":1,"6":1,"7":6,"8":1,"9":2,"10":2,"11":2,"12":1,"13":2,"14":2,"15":2,"16":1,"17":1,"18":1},"f":{"0":2,"1":1,"2":6,"3":2,"4":2,"5":1},"b":{"0":[6,6],"1":[2,1],"2":[1,1],"3":[2,2],"4":[1,1]},"_coverageSchema":"1a1c01bbd47fc00a2c39e90264f33305004495a9","hash":"024db2d7f85ea1c10db701d37cf019ac3c33efdd"}
}
