TN:
SF:src/App.js
FN:9,(anonymous_0)
FN:12,(anonymous_1)
FN:16,(anonymous_2)
FN:20,(anonymous_3)
FN:24,(anonymous_4)
FN:28,(anonymous_5)
FNF:6
FNH:6
FNDA:9,(anonymous_0)
FNDA:6,(anonymous_1)
FNDA:1,(anonymous_2)
FNDA:2,(anonymous_3)
FNDA:1,(anonymous_4)
FNDA:2,(anonymous_5)
DA:7,1
DA:9,1
DA:10,9
DA:12,9
DA:13,6
DA:16,9
DA:17,1
DA:20,9
DA:21,2
DA:24,9
DA:25,1
DA:28,9
DA:29,2
DA:32,9
LF:14
LH:14
BRF:0
BRH:0
end_of_record
TN:
SF:src/index.js
FNF:0
FNH:0
DA:6,0
DA:7,0
LF:2
LH:0
BRF:0
BRH:0
end_of_record
TN:
SF:src/Components/Todo.js
FN:4,(anonymous_0)
FN:14,(anonymous_1)
FN:21,(anonymous_2)
FNF:3
FNH:3
FNDA:12,(anonymous_0)
FNDA:3,(anonymous_1)
FNDA:2,(anonymous_2)
DA:4,3
DA:5,12
DA:7,12
DA:14,3
DA:21,2
LF:5
LH:5
BRDA:8,0,0,3
BRDA:8,0,1,9
BRDA:9,1,0,3
BRDA:9,1,1,9
BRF:4
BRH:4
end_of_record
TN:
SF:src/Components/TodoForm.js
FN:4,(anonymous_0)
FN:7,(anonymous_1)
FN:13,(anonymous_2)
FNF:3
FNH:3
FNDA:31,(anonymous_0)
FNDA:2,(anonymous_1)
FNDA:20,(anonymous_2)
DA:4,2
DA:5,31
DA:7,31
DA:8,2
DA:9,2
DA:10,2
DA:13,31
DA:14,20
DA:17,31
LF:9
LH:9
BRF:0
BRH:0
end_of_record
TN:
SF:src/Components/TodoList.js
FN:6,(anonymous_0)
FN:12,(anonymous_1)
FNF:2
FNH:2
FNDA:10,(anonymous_0)
FNDA:15,(anonymous_1)
DA:6,2
DA:8,10
DA:10,10
DA:13,15
LF:4
LH:4
BRF:0
BRH:0
end_of_record
TN:
SF:src/Utils/Data.js
FN:4,(anonymous_0)
FN:14,(anonymous_1)
FN:18,(anonymous_2)
FN:22,(anonymous_3)
FN:31,(anonymous_4)
FN:39,(anonymous_5)
FNF:6
FNH:6
FNDA:2,(anonymous_0)
FNDA:1,(anonymous_1)
FNDA:6,(anonymous_2)
FNDA:2,(anonymous_3)
FNDA:2,(anonymous_4)
FNDA:1,(anonymous_5)
DA:2,1
DA:5,2
DA:6,2
DA:7,2
DA:12,1
DA:15,1
DA:18,1
DA:19,6
DA:22,1
DA:23,2
DA:24,2
DA:28,2
DA:31,1
DA:32,2
DA:33,2
DA:36,2
DA:39,1
DA:40,1
DA:41,1
LF:19
LH:19
BRDA:19,0,0,6
BRDA:19,0,1,6
BRDA:28,1,0,2
BRDA:28,1,1,1
BRDA:33,2,0,1
BRDA:33,2,1,1
BRDA:36,3,0,2
BRDA:36,3,1,2
BRDA:41,4,0,1
BRDA:41,4,1,1
BRF:10
BRH:10
end_of_record
