TN:
SF:src/App.js
FN:9,(anonymous_0)
FN:12,(anonymous_1)
FN:16,(anonymous_2)
FN:20,(anonymous_3)
FN:24,(anonymous_4)
FN:28,(anonymous_5)
FNF:6
FNH:6
FNDA:8,(anonymous_0)
FNDA:5,(anonymous_1)
FNDA:1,(anonymous_2)
FNDA:1,(anonymous_3)
FNDA:1,(anonymous_4)
FNDA:2,(anonymous_5)
DA:7,1
DA:9,1
DA:10,8
DA:12,8
DA:13,5
DA:16,8
DA:17,1
DA:20,8
DA:21,1
DA:24,8
DA:25,1
DA:28,8
DA:29,2
DA:32,8
LF:14
LH:14
BRF:0
BRH:0
end_of_record
TN:
SF:src/Components/TodoForm.js
FN:4,(anonymous_0)
FN:7,(anonymous_1)
FN:13,(anonymous_2)
FNF:3
FNH:3
FNDA:30,(anonymous_0)
FNDA:2,(anonymous_1)
FNDA:20,(anonymous_2)
DA:4,2
DA:5,30
DA:7,30
DA:8,2
DA:9,2
DA:10,2
DA:13,30
DA:14,20
DA:17,30
LF:9
LH:9
BRF:0
BRH:0
end_of_record
TN:
SF:src/Components/TodoList.js
FN:6,(anonymous_0)
FN:12,(anonymous_1)
FNF:2
FNH:2
FNDA:9,(anonymous_0)
FNDA:13,(anonymous_1)
DA:6,2
DA:8,9
DA:10,9
DA:13,13
LF:4
LH:4
BRF:0
BRH:0
end_of_record
